[GIN-debug] [WARNING] Creating an Engine instance with the Logger and Recovery middleware already attached.

[GIN-debug] [WARNING] Running in "debug" mode. Switch to "release" mode in production.
 - using env:	export GIN_MODE=release
 - using code:	gin.SetMode(gin.ReleaseMode)

[GIN-debug] POST   /api/login                --> studysystem/api.Login (4 handlers)
[GIN-debug] POST   /api/loginbycode          --> studysystem/api.Login_by_auth_code (4 handlers)
[GIN-debug] POST   /api/register             --> studysystem/api.Register (4 handlers)
[GIN-debug] GET    /api/authcode             --> studysystem/api.GetAuthCode (4 handlers)
[GIN-debug] GET    /api/answerCode           --> studysystem/api.CommitCodeAnswer (4 handlers)
[GIN-debug] GET    /api/identified/userinfo  --> studysystem/api.GetUserInfo (5 handlers)
[GIN-debug] POST   /api/identified/updateinfo --> studysystem/api.UpdateUserInfo (5 handlers)
[GIN-debug] GET    /api/identified/avatar/   --> studysystem/api.GetAvatar (5 handlers)
[GIN-debug] DELETE /api/identified/user      --> studysystem/api.DeleteUser (5 handlers)
[GIN-debug] POST   /api/identified/study/getstudyroute --> studysystem/api.GetStudyRoute (5 handlers)
[GIN-debug] POST   /api/identified/study/getquestion --> studysystem/api.GetProblems (5 handlers)
[GIN-debug] POST   /api/identified/study/answer --> studysystem/api.CommitAnswer (5 handlers)
[GIN-debug] GET    /api/identified/study/record --> studysystem/api.GetRecord (5 handlers)
[GIN-debug] POST   /api/admin/addvideo       --> studysystem/api.AddVideo (6 handlers)
[GIN-debug] DELETE /api/admin/deletevideo    --> studysystem/api.DeleteVideo (6 handlers)
[GIN-debug] POST   /api/admin/addproblem     --> studysystem/api.AddProblem (6 handlers)
[GIN-debug] DELETE /api/admin/deleteproblem  --> studysystem/api.DeleteProblem (6 handlers)
[GIN-debug] POST   /api/admin/addstudyroute  --> studysystem/api.Add_study_route (6 handlers)
[GIN-debug] [WARNING] You trusted all proxies, this is NOT safe. We recommend you to set a value.
Please check https://pkg.go.dev/github.com/gin-gonic/gin#readme-don-t-trust-all-proxies for details.
[GIN-debug] Listening and serving HTTP on :9090
[GIN] 2023/09/13 - 14:00:11 | 200 |       232.6µs |       127.0.0.1 | GET      "/api/authcode?email=2745969694@qq.com"
[GIN] 2023/09/13 - 14:04:43 | 200 |     14.6767ms |       127.0.0.1 | POST     "/api/identified/updateinfo"
